2023-Oct-29 01:09:29 INFO    Walnut: Using the file "/home/noah/Developer/visual_computing_openwalnut/build/openwalnut.log" for logging.
2023-Oct-29 01:09:29 INFO    Walnut: Version: 1.5.0dev+gitc047af1 (main)
2023-Oct-29 01:09:29 DEBUG   OpenWalnut: OpenWalnut binary path: "/home/noah/Developer/visual_computing_openwalnut/build/bin"
2023-Oct-29 01:09:29 INFO    GUI: Bringing up GUI
2023-Oct-29 01:09:29 INFO    GE: Initializing Graphics Engine
2023-Oct-29 01:09:29 INFO    GE: Initializing OpenSceneGraph Root Node
2023-Oct-29 01:09:29 INFO    Kernel: Initializing Kernel
2023-Oct-29 01:09:29 DEBUG   Kernel: Version: 1.5.0dev+gitc047af1 (main)
2023-Oct-29 01:09:29 INFO    Data Handler: Initializing Data Handler
2023-Oct-29 01:09:29 DEBUG   Data Handler: Adding subject with ID "0" and Name "UNKNOWN,  ".
2023-Oct-29 01:09:29 DEBUG   ModuleContainer (KernelRootContainer): Constructing module container.
2023-Oct-29 01:09:29 INFO    ModuleFactory: Loading Modules
2023-Oct-29 01:09:29 INFO    Module Loader: Searching modules in "/home/noah/Developer/visual_computing_openwalnut/build/bin/../lib/openwalnut".
2023-Oct-29 01:09:29 DEBUG   Module Loader: Loaded 1 modules from libpointRenderer.so.1.5.0
2023-Oct-29 01:09:29 DEBUG   Module Loader: Loaded 1 modules from libwriteRawData.so.1.5.0
2023-Oct-29 01:09:29 DEBUG   Module Loader: Loaded 1 modules from libeegView.so.1.5.0
2023-Oct-29 01:09:29 DEBUG   Module Loader: Loaded 2 modules from libhierarchicalClustering.so.1.5.0
2023-Oct-29 01:09:29 DEBUG   Module Loader: Loaded 1 modules from libreadMesh.so.1.5.0
2023-Oct-29 01:09:29 DEBUG   Module Loader: Loaded 1 modules from libarbitraryROIs.so.1.5.0
2023-Oct-29 01:09:29 DEBUG   Module Loader: Loaded 1 modules from libcolormapper.so.1.5.0
2023-Oct-29 01:09:29 DEBUG   Module Loader: Loaded 1 modules from libfiberParameterColoring.so.1.5.0
2023-Oct-29 01:09:29 DEBUG   Module Loader: Loaded 1 modules from libvectorScale.so.1.5.0
2023-Oct-29 01:09:29 DEBUG   ModuleContainer (Unnamed Module Container): Constructing module container.
2023-Oct-29 01:09:29 DEBUG   Module Loader: Loaded 1 modules from libfilterProtonData.so.1.5.0
2023-Oct-29 01:09:29 DEBUG   Module Loader: Loaded 1 modules from libcalculateHistogram.so.1.5.0
2023-Oct-29 01:09:29 DEBUG   Module Loader: Loaded 1 modules from libmergePoints.so.1.5.0
2023-Oct-29 01:09:29 DEBUG   Module Loader: Loaded 1 modules from libreadDipoles.so.1.5.0
2023-Oct-29 01:09:29 DEBUG   Module Loader: Loaded 1 modules from libdistanceMap.so.1.5.0
2023-Oct-29 01:09:29 DEBUG   Module Loader: Loaded 1 modules from libtransferFunctionColorBar.so.1.5.0
2023-Oct-29 01:09:29 DEBUG   Module Loader: Loaded 1 modules from libthresholdingExample.so.1.5.0
2023-Oct-29 01:09:29 DEBUG   Module Loader: Loaded 1 modules from libwriteDendrogram.so.1.5.0
2023-Oct-29 01:09:29 DEBUG   Module Loader: Loaded 1 modules from libcalculateGFA.so.1.5.0
2023-Oct-29 01:09:29 DEBUG   Module Loader: Loaded 1 modules from libwriteTransferFunction.so.1.5.0
2023-Oct-29 01:09:29 DEBUG   Module Loader: Loaded 3 modules from libdata.so.1.5.0
2023-Oct-29 01:09:29 DEBUG   Module Loader: Loaded 1 modules from libdirectVolumeRendering.so.1.5.0
2023-Oct-29 01:09:29 DEBUG   Module Loader: Loaded 1 modules from libsampleOnFibers.so.1.5.0
2023-Oct-29 01:09:29 DEBUG   Module Loader: Loaded 1 modules from libfiberFilterIndex.so.1.5.0
2023-Oct-29 01:09:29 DEBUG   Module Loader: Loaded 1 modules from libfiberSelection.so.1.5.0
2023-Oct-29 01:09:29 DEBUG   Module Loader: Loaded 1 modules from libvectorOperator.so.1.5.0
2023-Oct-29 01:09:29 DEBUG   Module Loader: Loaded 1 modules from libanisotropicFiltering.so.1.5.0
2023-Oct-29 01:09:29 DEBUG   Module Loader: Loaded 1 modules from libfibersToPoints.so.1.5.0
2023-Oct-29 01:09:29 DEBUG   Module Loader: Loaded 1 modules from libdirectVolumeRendering2TF.so.1.5.0
2023-Oct-29 01:09:29 DEBUG   Module Loader: Loaded 1 modules from libfiberFilterROI.so.1.5.0
2023-Oct-29 01:09:29 DEBUG   Module Loader: Loaded 1 modules from libreadSimpleTextLineData.so.1.5.0
2023-Oct-29 01:09:29 DEBUG   Module Loader: Loaded 1 modules from libwriteProtonCSV.so.1.5.0
2023-Oct-29 01:09:29 DEBUG   Module Loader: Loaded 1 modules from libvectorNormalize.so.1.5.0
2023-Oct-29 01:09:29 DEBUG   Module Loader: Loaded 1 modules from libfiberResampling.so.1.5.0
2023-Oct-29 01:09:29 DEBUG   Module Loader: Loaded 1 modules from libHARDIToSphericalHarmonics.so.1.5.0
2023-Oct-29 01:09:29 DEBUG   Module Loader: Loaded 1 modules from libapplyMask.so.1.5.0
2023-Oct-29 01:09:29 DEBUG   Module Loader: Loaded 1 modules from libfiberTransform.so.1.5.0
2023-Oct-29 01:09:29 DEBUG   Module Loader: Loaded 1 modules from libsuperquadricGlyphs.so.1.5.0
2023-Oct-29 01:09:29 DEBUG   Module Loader: Loaded 1 modules from libtransferFunction1D.so.1.5.0
2023-Oct-29 01:09:29 DEBUG   ModuleContainer (Template Containers): Constructing module container.
2023-Oct-29 01:09:29 DEBUG   Module Loader: Loaded 7 modules from libtemplate.so.1.5.0
2023-Oct-29 01:09:29 DEBUG   Module Loader: Loaded 1 modules from libisosurface.so.1.5.0
2023-Oct-29 01:09:29 DEBUG   Module Loader: Loaded 1 modules from libdeterministicFTMori.so.1.5.0
2023-Oct-29 01:09:29 DEBUG   Module Loader: Loaded 1 modules from libresampleRegular.so.1.5.0
2023-Oct-29 01:09:29 DEBUG   Module Loader: Loaded 2 modules from libhistogramView.so.1.5.0
2023-Oct-29 01:09:29 DEBUG   Module Loader: Loaded 1 modules from libpickingDVREvaluation.so.1.5.0
2023-Oct-29 01:09:29 DEBUG   Module Loader: Loaded 1 modules from libmergeMeshes.so.1.5.0
2023-Oct-29 01:09:29 DEBUG   Module Loader: Loaded 1 modules from libarbitraryPlane.so.1.5.0
2023-Oct-29 01:09:29 DEBUG   ModuleContainer (Distance Map Isosurface): Constructing module container.
2023-Oct-29 01:09:29 DEBUG   Module Loader: Loaded 1 modules from libdistanceMapIsosurface.so.1.5.0
2023-Oct-29 01:09:29 DEBUG   Module Loader: Loaded 1 modules from libisosurfaceRaytracer.so.1.5.0
2023-Oct-29 01:09:29 DEBUG   Module Loader: Loaded 1 modules from libvoxelizer.so.1.5.0
2023-Oct-29 01:09:29 DEBUG   Module Loader: Loaded 1 modules from libcalculateTensors.so.1.5.0
2023-Oct-29 01:09:29 DEBUG   Module Loader: Loaded 1 modules from libgridRenderer.so.1.5.0
2023-Oct-29 01:09:29 DEBUG   Module Loader: Loaded 1 modules from libhistogramEqualization.so.1.5.0
2023-Oct-29 01:09:29 DEBUG   Module Loader: Loaded 1 modules from libsplineSurface.so.1.5.0
2023-Oct-29 01:09:29 DEBUG   Module Loader: Loaded 1 modules from libtransferFunction2D.so.1.5.0
2023-Oct-29 01:09:29 DEBUG   ModuleContainer (Unnamed Module Container): Constructing module container.
2023-Oct-29 01:09:29 DEBUG   Module Loader: Loaded 1 modules from libprobTractDisplay.so.1.5.0
2023-Oct-29 01:09:29 DEBUG   Module Loader: Loaded 1 modules from libclusterDisplay.so.1.5.0
2023-Oct-29 01:09:29 DEBUG   Module Loader: Loaded 1 modules from libfiberTranslator.so.1.5.0
2023-Oct-29 01:09:29 DEBUG   Module Loader: Loaded 1 modules from libscalarSegmentation.so.1.5.0
2023-Oct-29 01:09:29 DEBUG   Module Loader: Loaded 1 modules from libvectorPlot.so.1.5.0
2023-Oct-29 01:09:29 DEBUG   Module Loader: Loaded 1 modules from libreadRawData.so.1.5.0
2023-Oct-29 01:09:29 DEBUG   Module Loader: Loaded 1 modules from libimageSpaceLIC.so.1.5.0
2023-Oct-29 01:09:29 DEBUG   Module Loader: Loaded 1 modules from libgaussFiltering.so.1.5.0
2023-Oct-29 01:09:29 DEBUG   Module Loader: Loaded 1 modules from libreadVCL.so.1.5.0
2023-Oct-29 01:09:29 DEBUG   ModuleContainer (Diffusion Tensor Scalars): Constructing module container.
2023-Oct-29 01:09:29 DEBUG   Module Loader: Loaded 1 modules from libdiffTensorScalars.so.1.5.0
2023-Oct-29 01:09:29 DEBUG   Module Loader: Loaded 1 modules from libclusterDisplayVoxels.so.1.5.0
2023-Oct-29 01:09:29 DEBUG   Module Loader: Loaded 1 modules from libpickingDVR.so.1.5.0
2023-Oct-29 01:09:29 DEBUG   Module Loader: Loaded 1 modules from libsurfaceParameterAnimator.so.1.5.0
2023-Oct-29 01:09:29 DEBUG   Module Loader: Loaded 1 modules from libimageSpaceTensorLIC.so.1.5.0
2023-Oct-29 01:09:29 DEBUG   Module Loader: Loaded 1 modules from libpaintTexture.so.1.5.0
2023-Oct-29 01:09:29 DEBUG   Module Loader: Loaded 1 modules from libsurfaceIllustrator.so.1.5.0
2023-Oct-29 01:09:29 DEBUG   Module Loader: Loaded 1 modules from libwriteMesh.so.1.5.0
2023-Oct-29 01:09:29 DEBUG   Module Loader: Loaded 1 modules from libimageExtractor.so.1.5.0
2023-Oct-29 01:09:29 DEBUG   Module Loader: Loaded 4 modules from libdataCreator.so.1.5.0
2023-Oct-29 01:09:29 DEBUG   Module Loader: Loaded 1 modules from libnavigationSlices.so.1.5.0
2023-Oct-29 01:09:29 DEBUG   Module Loader: Loaded 1 modules from libwriteTracts.so.1.5.0
2023-Oct-29 01:09:29 DEBUG   Module Loader: Loaded 1 modules from libdatasetProfile.so.1.5.0
2023-Oct-29 01:09:29 DEBUG   ModuleContainer (Effective Connectivity Cluster): Constructing module container.
2023-Oct-29 01:09:29 DEBUG   Module Loader: Loaded 1 modules from libeffectiveConnectivityCluster.so.1.5.0
2023-Oct-29 01:09:29 DEBUG   Module Loader: Loaded 1 modules from libreadVIM.so.1.5.0
2023-Oct-29 01:09:29 DEBUG   Module Loader: Loaded 1 modules from libmeshToPoints.so.1.5.0
2023-Oct-29 01:09:29 DEBUG   Module Loader: Loaded 1 modules from libscalarOperator.so.1.5.0
2023-Oct-29 01:09:29 DEBUG   ModuleContainer (Unnamed Module Container): Constructing module container.
2023-Oct-29 01:09:29 DEBUG   Module Loader: Loaded 1 modules from libpointConnector.so.1.5.0
2023-Oct-29 01:09:29 DEBUG   Module Loader: Loaded 1 modules from libvectorAlign.so.1.5.0
2023-Oct-29 01:09:29 DEBUG   Module Loader: Loaded 1 modules from libfunctionalMRIViewer.so.1.5.0
2023-Oct-29 01:09:29 DEBUG   Module Loader: Loaded 1 modules from libmergeComponentsToVector.so.1.5.0
2023-Oct-29 01:09:29 DEBUG   Module Loader: Loaded 1 modules from libdatasetManipulator.so.1.5.0
2023-Oct-29 01:09:29 DEBUG   Module Loader: Loaded 1 modules from libfiberDisplay.so.1.5.0
2023-Oct-29 01:09:29 DEBUG   Module Loader: Loaded 1 modules from libcoordinateSystem.so.1.5.0
2023-Oct-29 01:09:29 DEBUG   Module Loader: Loaded 1 modules from libtriangleMeshRenderer.so.1.5.0
2023-Oct-29 01:09:29 DEBUG   Module Loader: Loaded 1 modules from libreadAmiraMesh.so.1.5.0
2023-Oct-29 01:09:29 DEBUG   Module Loader: Loaded 1 modules from libwebglSupport.so.1.5.0
2023-Oct-29 01:09:29 DEBUG   Module Loader: Loaded 1 modules from libspatialDerivative.so.1.5.0
2023-Oct-29 01:09:29 DEBUG   Module Loader: Loaded 1 modules from libprojectionsAsContext.so.1.5.0
2023-Oct-29 01:09:29 DEBUG   Module Loader: Loaded 1 modules from libdataTypeConversion.so.1.5.0
2023-Oct-29 01:09:29 DEBUG   Module Loader: Loaded 1 modules from libwriteAmiraMesh.so.1.5.0
2023-Oct-29 01:09:29 INFO    Module Loader: Searching modules in "/home/noah/.OpenWalnut/modules".
2023-Oct-29 01:09:29 WARNING Module Loader: Searching modules in "/home/noah/.OpenWalnut/modules" failed. It is not a directory or does not exist. Ignoring.
2023-Oct-29 01:09:29 DEBUG   ModuleFactory: Initializing module prototype: "EEG View"
2023-Oct-29 01:09:29 DEBUG   ModuleFactory: Initializing module prototype: "Point Renderer"
2023-Oct-29 01:09:29 DEBUG   ModuleFactory: Initializing module prototype: "Write Raw Data"
2023-Oct-29 01:09:29 DEBUG   ModuleFactory: Initializing module prototype: "Data Module"
2023-Oct-29 01:09:29 DEBUG   ModuleFactory: Initializing module prototype: "Hierarchical Clustering Display"
2023-Oct-29 01:09:29 DEBUG   ModuleFactory: Initializing module prototype: "Partition To Mesh"
2023-Oct-29 01:09:29 DEBUG   ModuleFactory: Initializing module prototype: "Read Mesh"
2023-Oct-29 01:09:29 DEBUG   ModuleFactory: Initializing module prototype: "Arbitrary ROIs"
2023-Oct-29 01:09:29 DEBUG   ModuleFactory: Initializing module prototype: "Colormapper"
2023-Oct-29 01:09:29 DEBUG   ModuleFactory: Initializing module prototype: "Fiber Parameter Coloring"
2023-Oct-29 01:09:29 DEBUG   ModuleFactory: Initializing module prototype: "Vector Scaling"
2023-Oct-29 01:09:29 DEBUG   ModuleFactory: Initializing module prototype: "Filter Proton Data"
2023-Oct-29 01:09:29 DEBUG   ModuleFactory: Initializing module prototype: "CalculateHistogram"
2023-Oct-29 01:09:29 DEBUG   ModuleFactory: Initializing module prototype: "Merge Points"
2023-Oct-29 01:09:29 DEBUG   ModuleFactory: Initializing module prototype: "Read Dipoles"
2023-Oct-29 01:09:29 DEBUG   ModuleFactory: Initializing module prototype: "Distance Map"
2023-Oct-29 01:09:29 DEBUG   ModuleFactory: Initializing module prototype: "Transfer Function Color Bar"
2023-Oct-29 01:09:29 DEBUG   ModuleFactory: Initializing module prototype: "[EDU] Thresholding Example"
2023-Oct-29 01:09:29 DEBUG   ModuleFactory: Initializing module prototype: "Write Dendrogram"
2023-Oct-29 01:09:29 DEBUG   ModuleFactory: Initializing module prototype: "Calculate GFA"
2023-Oct-29 01:09:29 DEBUG   ModuleFactory: Initializing module prototype: "Write Transfer Function"
2023-Oct-29 01:09:29 DEBUG   ModuleFactory: Initializing module prototype: "Apply Mask"
2023-Oct-29 01:09:29 DEBUG   ModuleFactory: Initializing module prototype: "Read Spherical Harmonics"
2023-Oct-29 01:09:29 DEBUG   ModuleFactory: Initializing module prototype: "Write NIfTI"
2023-Oct-29 01:09:29 DEBUG   ModuleFactory: Initializing module prototype: "Direct Volume Rendering"
2023-Oct-29 01:09:29 DEBUG   ModuleFactory: Initializing module prototype: "Sample On Fibers"
2023-Oct-29 01:09:29 DEBUG   ModuleFactory: Initializing module prototype: "Fiber Filter Index"
2023-Oct-29 01:09:29 DEBUG   ModuleFactory: Initializing module prototype: "Fiber Selection"
2023-Oct-29 01:09:29 DEBUG   ModuleFactory: Initializing module prototype: "Vector Operator"
2023-Oct-29 01:09:29 DEBUG   ModuleFactory: Initializing module prototype: "Anisotropic Filter"
2023-Oct-29 01:09:29 DEBUG   ModuleFactory: Initializing module prototype: "Fibers To Points"
2023-Oct-29 01:09:29 DEBUG   ModuleFactory: Initializing module prototype: "Direct Volume Rendering using a 2D transfer function."
2023-Oct-29 01:09:29 DEBUG   ModuleFactory: Initializing module prototype: "Fiber Filter ROI"
2023-Oct-29 01:09:29 DEBUG   ModuleFactory: Initializing module prototype: "Read Simple Text Line Data"
2023-Oct-29 01:09:29 DEBUG   ModuleFactory: Initializing module prototype: "Write CSV"
2023-Oct-29 01:09:29 DEBUG   ModuleFactory: Initializing module prototype: "Vector Normalize"
2023-Oct-29 01:09:29 DEBUG   ModuleFactory: Initializing module prototype: "Fiber Re-Sampling"
2023-Oct-29 01:09:29 DEBUG   ModuleFactory: Initializing module prototype: "Spherical Harmonic Calculator"
2023-Oct-29 01:09:29 DEBUG   ModuleFactory: Initializing module prototype: "Template"
2023-Oct-29 01:09:29 DEBUG   ModuleFactory: Initializing module prototype: "Fiber Transform"
2023-Oct-29 01:09:29 DEBUG   ModuleFactory: Initializing module prototype: "Superquadric Glyphs"
2023-Oct-29 01:09:29 DEBUG   ModuleFactory: Initializing module prototype: "Transfer Function 1D"
2023-Oct-29 01:09:29 DEBUG   ModuleFactory: Initializing module prototype: "Voxelizer"
2023-Oct-29 01:09:29 DEBUG   ModuleFactory: Initializing module prototype: "Template Containers"
2023-Oct-29 01:09:29 DEBUG   ModuleFactory: Initializing module prototype: "Template UI"
2023-Oct-29 01:09:29 DEBUG   ModuleFactory: Initializing module prototype: "Template Shaders"
2023-Oct-29 01:09:29 DEBUG   ModuleFactory: Initializing module prototype: "Template Colormapping"
2023-Oct-29 01:09:29 DEBUG   ModuleFactory: Initializing module prototype: "Template Render Pipelines"
2023-Oct-29 01:09:29 DEBUG   ModuleFactory: Initializing module prototype: "Template Data Loader"
2023-Oct-29 01:09:29 DEBUG   ModuleFactory: Initializing module prototype: "Isosurface"
2023-Oct-29 01:09:29 DEBUG   ModuleFactory: Initializing module prototype: "Mori Det. Tracking"
2023-Oct-29 01:09:29 DEBUG   ModuleFactory: Initializing module prototype: "Resample Regular"
2023-Oct-29 01:09:29 DEBUG   ModuleFactory: Initializing module prototype: "HistogramView"
2023-Oct-29 01:09:29 DEBUG   ModuleFactory: Initializing module prototype: "MultiHistogramView"
2023-Oct-29 01:09:29 DEBUG   ModuleFactory: Initializing module prototype: "Picking in DVR Evaluation"
2023-Oct-29 01:09:29 DEBUG   ModuleFactory: Initializing module prototype: "Merge Meshes"
2023-Oct-29 01:09:29 DEBUG   ModuleFactory: Initializing module prototype: "Arbitrary Plane"
2023-Oct-29 01:09:29 DEBUG   ModuleFactory: Initializing module prototype: "Distance Map Isosurface"
2023-Oct-29 01:09:29 DEBUG   ModuleFactory: Initializing module prototype: "Isosurface Raytracer"
2023-Oct-29 01:09:29 DEBUG   ModuleFactory: Initializing module prototype: "Vector Plot"
2023-Oct-29 01:09:29 DEBUG   ModuleFactory: Initializing module prototype: "Calculate Tensors"
2023-Oct-29 01:09:29 DEBUG   ModuleFactory: Initializing module prototype: "Grid Renderer"
2023-Oct-29 01:09:29 DEBUG   ModuleFactory: Initializing module prototype: "Histogram Equalization"
2023-Oct-29 01:09:29 DEBUG   ModuleFactory: Initializing module prototype: "Spline Surface"
2023-Oct-29 01:09:29 DEBUG   ModuleFactory: Initializing module prototype: "Transfer Function 2D"
2023-Oct-29 01:09:29 DEBUG   ModuleFactory: Initializing module prototype: "Probabilistic Tract Rendering with multi transparent iso surfaces."
2023-Oct-29 01:09:29 DEBUG   ModuleFactory: Initializing module prototype: "Cluster Display"
2023-Oct-29 01:09:29 DEBUG   ModuleFactory: Initializing module prototype: "Fiber Translator"
2023-Oct-29 01:09:29 DEBUG   ModuleFactory: Initializing module prototype: "Scalar Segmentation"
2023-Oct-29 01:09:29 DEBUG   ModuleFactory: Initializing module prototype: "Read VCL"
2023-Oct-29 01:09:29 DEBUG   ModuleFactory: Initializing module prototype: "Read Raw Data"
2023-Oct-29 01:09:29 DEBUG   ModuleFactory: Initializing module prototype: "Image Space LIC"
2023-Oct-29 01:09:29 DEBUG   ModuleFactory: Initializing module prototype: "Gauss Filtering"
2023-Oct-29 01:09:29 DEBUG   ModuleFactory: Initializing module prototype: "Picking in DVR"
2023-Oct-29 01:09:29 DEBUG   ModuleFactory: Initializing module prototype: "Diffusion Tensor Scalars"
2023-Oct-29 01:09:29 DEBUG   ModuleFactory: Initializing module prototype: "ClusterDisplayVoxels"
2023-Oct-29 01:09:29 DEBUG   ModuleFactory: Initializing module prototype: "Write Mesh"
2023-Oct-29 01:09:29 DEBUG   ModuleFactory: Initializing module prototype: "Surface Parameter Animator"
2023-Oct-29 01:09:29 DEBUG   ModuleFactory: Initializing module prototype: "Image Space Tensor LIC"
2023-Oct-29 01:09:29 DEBUG   ModuleFactory: Initializing module prototype: "Paint Texture"
2023-Oct-29 01:09:29 DEBUG   ModuleFactory: Initializing module prototype: "Surface Illustrator"
2023-Oct-29 01:09:29 DEBUG   ModuleFactory: Initializing module prototype: "Read VIM"
2023-Oct-29 01:09:29 DEBUG   ModuleFactory: Initializing module prototype: "Image Extractor"
2023-Oct-29 01:09:29 DEBUG   ModuleFactory: Initializing module prototype: "Data Creator Scalar"
2023-Oct-29 01:09:29 DEBUG   ModuleFactory: Initializing module prototype: "Data Creator Vector"
2023-Oct-29 01:09:29 DEBUG   ModuleFactory: Initializing module prototype: "Data Creator Fibers"
2023-Oct-29 01:09:29 DEBUG   ModuleFactory: Initializing module prototype: "Data Creator Points"
2023-Oct-29 01:09:29 DEBUG   ModuleFactory: Initializing module prototype: "Navigation Slices"
2023-Oct-29 01:09:29 DEBUG   ModuleFactory: Initializing module prototype: "Write Tracts"
2023-Oct-29 01:09:29 DEBUG   ModuleFactory: Initializing module prototype: "Dataset Profile"
2023-Oct-29 01:09:29 DEBUG   ModuleFactory: Initializing module prototype: "Effective Connectivity Cluster"
2023-Oct-29 01:09:29 DEBUG   ModuleFactory: Initializing module prototype: "Mesh To Points"
2023-Oct-29 01:09:29 DEBUG   ModuleFactory: Initializing module prototype: "Scalar Operator"
2023-Oct-29 01:09:29 DEBUG   ModuleFactory: Initializing module prototype: "Point Connector"
2023-Oct-29 01:09:29 DEBUG   ModuleFactory: Initializing module prototype: "Vector Align"
2023-Oct-29 01:09:29 DEBUG   ModuleFactory: Initializing module prototype: "Functional MRI Viewer"
2023-Oct-29 01:09:29 DEBUG   ModuleFactory: Initializing module prototype: "Merge Components To Vector"
2023-Oct-29 01:09:29 DEBUG   ModuleFactory: Initializing module prototype: "Dataset Manipulator"
2023-Oct-29 01:09:29 DEBUG   ModuleFactory: Initializing module prototype: "Fiber Display"
2023-Oct-29 01:09:29 DEBUG   ModuleFactory: Initializing module prototype: "Coordinate System"
2023-Oct-29 01:09:29 DEBUG   ModuleFactory: Initializing module prototype: "Triangle Mesh Renderer"
2023-Oct-29 01:09:29 DEBUG   ModuleFactory: Initializing module prototype: "Read Amira Mesh"
2023-Oct-29 01:09:29 DEBUG   ModuleFactory: Initializing module prototype: "WebGL Support"
2023-Oct-29 01:09:29 DEBUG   ModuleFactory: Initializing module prototype: "Spatial Derivative"
2023-Oct-29 01:09:29 DEBUG   ModuleFactory: Initializing module prototype: "Projections As Context"
2023-Oct-29 01:09:29 DEBUG   ModuleFactory: Initializing module prototype: "Data Type Conversion"
2023-Oct-29 01:09:29 DEBUG   ModuleFactory: Initializing module prototype: "Write Amira Mesh"
2023-Oct-29 01:09:29 INFO    ModuleFactory: Loading Modules Done
2023-Oct-29 01:09:29 INFO    Kernel: Starting Kernel
2023-Oct-29 01:09:29 INFO    WMainWindow: Setting up GUI
2023-Oct-29 01:09:29 INFO    MainWindow: Restoring window state.
2023-Oct-29 01:09:29 DEBUG   WGEShader: Reloading vertex shader "WGECameraVignette-vertex.glsl"
2023-Oct-29 01:09:29 DEBUG   WGEShader: Reloading fragment shader "WGECameraVignette-fragment.glsl"
2023-Oct-29 01:09:29 DEBUG   WGEShader: Reloading geometry shader "WGECameraVignette-geometry.glsl"
2023-Oct-29 01:09:29 DEBUG   WGEShader: Reloading vertex shader "WGECameraOverlayTexture-vertex.glsl"
2023-Oct-29 01:09:29 DEBUG   WGEShader: Reloading fragment shader "WGECameraOverlayTexture-fragment.glsl"
2023-Oct-29 01:09:29 DEBUG   WGEShader: Reloading geometry shader "WGECameraOverlayTexture-geometry.glsl"
2023-Oct-29 01:09:29 DEBUG   WGEShader: Reloading vertex shader "WGECameraHorizon-vertex.glsl"
2023-Oct-29 01:09:29 DEBUG   WGEShader: Reloading fragment shader "WGECameraHorizon-fragment.glsl"
2023-Oct-29 01:09:29 DEBUG   WGEShader: Reloading geometry shader "WGECameraHorizon-geometry.glsl"
2023-Oct-29 01:09:29 INFO    Kernel: Initializing extensions.
2023-Oct-29 01:09:29 INFO    Kernel: Initializing extensions.
2023-Oct-29 01:09:29 INFO    GE: Starting Graphics Engine
2023-Oct-29 01:09:29 DEBUG   WModuleLoader: Initializing extensions of "libtemplate.so.1.5.0"
2023-Oct-29 01:09:29 DEBUG   WModuleLoader: Initializing extensions of "libhistogramView.so.1.5.0"
2023-Oct-29 01:09:29 INFO    Kernel: Initialization completed.
2023-Oct-29 01:09:29 DEBUG   OpenWalnut: Deferred loading of data and project files.
2023-Oct-29 01:09:43 DEBUG   ModuleFactory: Creating new instance of prototype "Data Creator Scalar".
2023-Oct-29 01:09:43 INFO    ModuleContainer (KernelRootContainer): Adding module "Data Creator Scalar" to container.
2023-Oct-29 01:09:43 INFO    ModuleContainer (KernelRootContainer): Associated module "Data Creator Scalar" with container.
2023-Oct-29 01:09:43 INFO    Module (Data Creator Scalar): Starting module main method.
2023-Oct-29 01:09:43 DEBUG   Data Creator Scalar: Creating dataset
2023-Oct-29 01:09:43 DEBUG   NetworkEditor: Inserting "Data Creator Scalar".
2023-Oct-29 01:09:43 DEBUG   ControlPanel: Inserting module Data Creator Scalar to control panel.
2023-Oct-29 01:09:43 DEBUG   NetworkEditor: Activating "Data Creator Scalar".
2023-Oct-29 01:09:43 DEBUG   ControlPanel: Activating module "Data Creator Scalar".
2023-Oct-29 01:09:43 DEBUG   Data Creator Scalar: Created dataset with 2097152 voxels.
2023-Oct-29 01:09:43 DEBUG   Data Creator Scalar: Waiting ...
2023-Oct-29 01:09:47 DEBUG   ModuleFactory: Creating new instance of prototype "[EDU] Thresholding Example".
2023-Oct-29 01:09:47 INFO    ModuleContainer (KernelRootContainer): Adding module "[EDU] Thresholding Example" to container.
2023-Oct-29 01:09:47 INFO    ModuleContainer (KernelRootContainer): Associated module "[EDU] Thresholding Example" with container.
2023-Oct-29 01:09:47 INFO    Module ([EDU] Thresholding Example): Starting module main method.
2023-Oct-29 01:09:47 INFO    [EDU] Thresholding Example: Thrsholding example main routine started
2023-Oct-29 01:09:47 INFO    [EDU] Thresholding Example: Waiting ...
2023-Oct-29 01:09:47 DEBUG   NetworkEditor: Inserting "[EDU] Thresholding Example".
2023-Oct-29 01:09:47 DEBUG   ControlPanel: Inserting module [EDU] Thresholding Example to control panel.
2023-Oct-29 01:09:47 DEBUG   NetworkEditor: Activating "[EDU] Thresholding Example".
2023-Oct-29 01:09:47 DEBUG   ControlPanel: Activating module "[EDU] Thresholding Example".
2023-Oct-29 01:09:47 DEBUG   ControlPanel: Activating module "[EDU] Thresholding Example".
2023-Oct-29 01:09:48 DEBUG   ControlPanel: Activating module "Data Creator Scalar".
2023-Oct-29 01:09:50 INFO    ModuleContainer (KernelRootContainer): Adding module "Data Creator Scalar" to container.
2023-Oct-29 01:09:50 INFO    ModuleContainer (KernelRootContainer): Adding module "Data Creator Scalar" to container not needed. Its already inside.
2023-Oct-29 01:09:50 INFO    ModuleContainer (KernelRootContainer): Adding module "[EDU] Thresholding Example" to container.
2023-Oct-29 01:09:50 INFO    ModuleContainer (KernelRootContainer): Adding module "[EDU] Thresholding Example" to container not needed. Its already inside.
2023-Oct-29 01:09:50 INFO    ModuleContainer (KernelRootContainer): Connecting Data Creator Scalar:out with [EDU] Thresholding Example:scalarData
2023-Oct-29 01:09:50 DEBUG   NetworkEditor: Connecting "[EDU] Thresholding Example" and "Data Creator Scalar".
2023-Oct-29 01:09:50 INFO    [EDU] Thresholding Example: Waiting ...
2023-Oct-29 01:09:54 DEBUG   ControlPanel: Activating module "[EDU] Thresholding Example".
2023-Oct-29 01:10:00 INFO    [EDU] Thresholding Example: Waiting ...
2023-Oct-29 01:10:03 INFO    [EDU] Thresholding Example: Waiting ...
2023-Oct-29 01:10:06 INFO    MainWindow: Saving window state.
2023-Oct-29 01:10:06 INFO    Kernel: Stopping Kernel
2023-Oct-29 01:10:06 INFO    ModuleContainer (KernelRootContainer): Stopping pending threads.
2023-Oct-29 01:10:06 INFO    ModuleContainer (KernelRootContainer): Stopping modules.
2023-Oct-29 01:10:06 INFO    ModuleContainer (KernelRootContainer): Waiting for module "[EDU] Thresholding Example" to finish.
2023-Oct-29 01:10:06 INFO    ModuleContainer (KernelRootContainer): Disconnecting Data Creator Scalar:out from [EDU] Thresholding Example:scalarData
2023-Oct-29 01:10:06 INFO    ModuleContainer (KernelRootContainer): Waiting for module "Data Creator Scalar" to finish.
2023-Oct-29 01:10:06 INFO    Kernel: Stopping Data Handler
2023-Oct-29 01:10:06 INFO    Data Handler: Removing all subjects.
2023-Oct-29 01:10:06 DEBUG   Data Handler: Removing subject "0".
2023-Oct-29 01:10:06 DEBUG   NetworkEditor: Disconnecting "[EDU] Thresholding Example:scalarData" and "Data Creator Scalar:out".
2023-Oct-29 01:10:06 DEBUG   WQtGLWidget: OpenGL widget for viewer "Main View" removed.
2023-Oct-29 01:10:06 INFO    Kernel: Shutting down Kernel
2023-Oct-29 01:10:06 INFO    GE: Stopping Graphics Engine
